<?xml version="1.0" encoding="UTF-8"?>
<!-- Generated by org.testng.reporters.JUnitXMLReporter -->
<testsuite ignored="0" hostname="DESKTOP-UGOTE62" failures="0" tests="3" name="Default test" time="159.871" errors="0" timestamp="2023-05-10T13:27:09 IST">
  <testcase classname="com.homepage.FunctionaTest" name="Test_A" time="53.416"/>
  <testcase classname="com.homepage.FunctionaTest" name="Test_B" time="50.313"/>
  <testcase classname="com.homepage.FunctionaTest" name="Test_C" time="56.098"/>
</testsuite> <!-- Default test -->
