<?xml version="1.0" encoding="UTF-8"?>
<testng-results ignored="0" total="3" passed="3" failed="0" skipped="0">
  <reporter-output>
  </reporter-output>
  <suite started-at="2023-05-10T13:24:29 IST" name="Default suite" finished-at="2023-05-10T13:27:09 IST" duration-ms="159871">
    <groups>
    </groups>
    <test started-at="2023-05-10T13:24:29 IST" name="Default test" finished-at="2023-05-10T13:27:09 IST" duration-ms="159871">
      <class name="com.homepage.FunctionaTest">
        <test-method signature="Test_A()[pri:0, instance:com.homepage.FunctionaTest@49139829]" started-at="2023-05-10T13:24:29 IST" name="Test_A" finished-at="2023-05-10T13:25:23 IST" duration-ms="53416" status="PASS">
          <reporter-output>
          </reporter-output>
        </test-method> <!-- Test_A -->
        <test-method signature="Test_B()[pri:0, instance:com.homepage.FunctionaTest@49139829]" started-at="2023-05-10T13:25:23 IST" name="Test_B" finished-at="2023-05-10T13:26:13 IST" duration-ms="50313" status="PASS">
          <reporter-output>
          </reporter-output>
        </test-method> <!-- Test_B -->
        <test-method signature="Test_C()[pri:0, instance:com.homepage.FunctionaTest@49139829]" started-at="2023-05-10T13:26:13 IST" name="Test_C" finished-at="2023-05-10T13:27:09 IST" duration-ms="56098" status="PASS">
          <reporter-output>
          </reporter-output>
        </test-method> <!-- Test_C -->
      </class> <!-- com.homepage.FunctionaTest -->
    </test> <!-- Default test -->
  </suite> <!-- Default suite -->
</testng-results>
